::1 - - [Mon, 07 Nov 2016 09:09:59 GMT] "GET / HTTP/1.1" 304 - "http://localhost:5678/upload" "Mozilla/5.0 (Windows NT 6.1; WOW64) AppleWebKit/537.36 (KHTML, like Gecko) Chrome/56.0.2890.0 Safari/537.36"
::1 - - [Mon, 07 Nov 2016 09:09:59 GMT] "GET /libs/maps/swiper.min.js.map HTTP/1.1" 304 - "-" "Mozilla/5.0 (Windows NT 6.1; WOW64) AppleWebKit/537.36 (KHTML, like Gecko) Chrome/56.0.2890.0 Safari/537.36"
::1 - - [Mon, 07 Nov 2016 09:13:15 GMT] "GET /vedio HTTP/1.1" 304 - "http://localhost:5678/" "Mozilla/5.0 (Windows NT 6.1; WOW64) AppleWebKit/537.36 (KHTML, like Gecko) Chrome/56.0.2890.0 Safari/537.36"
::1 - - [Mon, 07 Nov 2016 09:13:15 GMT] "GET /libs/maps/swiper.min.js.map HTTP/1.1" 304 - "-" "Mozilla/5.0 (Windows NT 6.1; WOW64) AppleWebKit/537.36 (KHTML, like Gecko) Chrome/56.0.2890.0 Safari/537.36"
::1 - - [Mon, 07 Nov 2016 09:13:17 GMT] "GET / HTTP/1.1" 304 - "http://localhost:5678/vedio" "Mozilla/5.0 (Windows NT 6.1; WOW64) AppleWebKit/537.36 (KHTML, like Gecko) Chrome/56.0.2890.0 Safari/537.36"
::1 - - [Mon, 07 Nov 2016 09:13:17 GMT] "GET /libs/maps/swiper.min.js.map HTTP/1.1" 304 - "-" "Mozilla/5.0 (Windows NT 6.1; WOW64) AppleWebKit/537.36 (KHTML, like Gecko) Chrome/56.0.2890.0 Safari/537.36"
::1 - - [Mon, 07 Nov 2016 09:13:18 GMT] "GET /archive HTTP/1.1" 304 - "http://localhost:5678/" "Mozilla/5.0 (Windows NT 6.1; WOW64) AppleWebKit/537.36 (KHTML, like Gecko) Chrome/56.0.2890.0 Safari/537.36"
::1 - - [Mon, 07 Nov 2016 09:13:18 GMT] "GET /libs/maps/swiper.min.js.map HTTP/1.1" 304 - "-" "Mozilla/5.0 (Windows NT 6.1; WOW64) AppleWebKit/537.36 (KHTML, like Gecko) Chrome/56.0.2890.0 Safari/537.36"
::1 - - [Mon, 07 Nov 2016 09:13:18 GMT] "GET /tags HTTP/1.1" 200 2251 "http://localhost:5678/archive" "Mozilla/5.0 (Windows NT 6.1; WOW64) AppleWebKit/537.36 (KHTML, like Gecko) Chrome/56.0.2890.0 Safari/537.36"
::1 - - [Mon, 07 Nov 2016 09:13:18 GMT] "GET /libs/maps/swiper.min.js.map HTTP/1.1" 304 - "-" "Mozilla/5.0 (Windows NT 6.1; WOW64) AppleWebKit/537.36 (KHTML, like Gecko) Chrome/56.0.2890.0 Safari/537.36"
::1 - - [Mon, 07 Nov 2016 09:13:19 GMT] "GET /links HTTP/1.1" 304 - "http://localhost:5678/tags" "Mozilla/5.0 (Windows NT 6.1; WOW64) AppleWebKit/537.36 (KHTML, like Gecko) Chrome/56.0.2890.0 Safari/537.36"
::1 - - [Mon, 07 Nov 2016 09:13:19 GMT] "GET /libs/maps/swiper.min.js.map HTTP/1.1" 304 - "-" "Mozilla/5.0 (Windows NT 6.1; WOW64) AppleWebKit/537.36 (KHTML, like Gecko) Chrome/56.0.2890.0 Safari/537.36"
::1 - - [Mon, 07 Nov 2016 09:13:19 GMT] "GET /upload HTTP/1.1" 200 2316 "http://localhost:5678/links" "Mozilla/5.0 (Windows NT 6.1; WOW64) AppleWebKit/537.36 (KHTML, like Gecko) Chrome/56.0.2890.0 Safari/537.36"
::1 - - [Mon, 07 Nov 2016 09:13:20 GMT] "GET /libs/maps/swiper.min.js.map HTTP/1.1" 304 - "-" "Mozilla/5.0 (Windows NT 6.1; WOW64) AppleWebKit/537.36 (KHTML, like Gecko) Chrome/56.0.2890.0 Safari/537.36"
::1 - - [Mon, 07 Nov 2016 09:13:20 GMT] "GET /post HTTP/1.1" 304 - "http://localhost:5678/upload" "Mozilla/5.0 (Windows NT 6.1; WOW64) AppleWebKit/537.36 (KHTML, like Gecko) Chrome/56.0.2890.0 Safari/537.36"
::1 - - [Mon, 07 Nov 2016 09:13:20 GMT] "GET /libs/maps/swiper.min.js.map HTTP/1.1" 304 - "-" "Mozilla/5.0 (Windows NT 6.1; WOW64) AppleWebKit/537.36 (KHTML, like Gecko) Chrome/56.0.2890.0 Safari/537.36"
::1 - - [Mon, 07 Nov 2016 09:13:21 GMT] "GET /vedio HTTP/1.1" 304 - "http://localhost:5678/post" "Mozilla/5.0 (Windows NT 6.1; WOW64) AppleWebKit/537.36 (KHTML, like Gecko) Chrome/56.0.2890.0 Safari/537.36"
::1 - - [Mon, 07 Nov 2016 09:13:21 GMT] "GET /libs/maps/swiper.min.js.map HTTP/1.1" 304 - "-" "Mozilla/5.0 (Windows NT 6.1; WOW64) AppleWebKit/537.36 (KHTML, like Gecko) Chrome/56.0.2890.0 Safari/537.36"
::1 - - [Mon, 07 Nov 2016 09:13:21 GMT] "GET /logout HTTP/1.1" 302 46 "http://localhost:5678/vedio" "Mozilla/5.0 (Windows NT 6.1; WOW64) AppleWebKit/537.36 (KHTML, like Gecko) Chrome/56.0.2890.0 Safari/537.36"
::1 - - [Mon, 07 Nov 2016 09:13:21 GMT] "GET / HTTP/1.1" 200 4445 "http://localhost:5678/vedio" "Mozilla/5.0 (Windows NT 6.1; WOW64) AppleWebKit/537.36 (KHTML, like Gecko) Chrome/56.0.2890.0 Safari/537.36"
::1 - - [Mon, 07 Nov 2016 09:13:21 GMT] "GET /libs/maps/swiper.min.js.map HTTP/1.1" 304 - "-" "Mozilla/5.0 (Windows NT 6.1; WOW64) AppleWebKit/537.36 (KHTML, like Gecko) Chrome/56.0.2890.0 Safari/537.36"
::1 - - [Mon, 07 Nov 2016 09:13:23 GMT] "GET /reg HTTP/1.1" 304 - "http://localhost:5678/" "Mozilla/5.0 (Windows NT 6.1; WOW64) AppleWebKit/537.36 (KHTML, like Gecko) Chrome/56.0.2890.0 Safari/537.36"
::1 - - [Mon, 07 Nov 2016 09:13:23 GMT] "GET /libs/maps/swiper.min.js.map HTTP/1.1" 304 - "-" "Mozilla/5.0 (Windows NT 6.1; WOW64) AppleWebKit/537.36 (KHTML, like Gecko) Chrome/56.0.2890.0 Safari/537.36"
::1 - - [Mon, 07 Nov 2016 09:13:23 GMT] "GET /login HTTP/1.1" 200 2444 "http://localhost:5678/reg" "Mozilla/5.0 (Windows NT 6.1; WOW64) AppleWebKit/537.36 (KHTML, like Gecko) Chrome/56.0.2890.0 Safari/537.36"
::1 - - [Mon, 07 Nov 2016 09:13:23 GMT] "GET /libs/maps/swiper.min.js.map HTTP/1.1" 304 - "-" "Mozilla/5.0 (Windows NT 6.1; WOW64) AppleWebKit/537.36 (KHTML, like Gecko) Chrome/56.0.2890.0 Safari/537.36"
::1 - - [Mon, 07 Nov 2016 09:13:24 GMT] "GET /links HTTP/1.1" 200 2296 "http://localhost:5678/login" "Mozilla/5.0 (Windows NT 6.1; WOW64) AppleWebKit/537.36 (KHTML, like Gecko) Chrome/56.0.2890.0 Safari/537.36"
::1 - - [Mon, 07 Nov 2016 09:13:24 GMT] "GET /libs/maps/swiper.min.js.map HTTP/1.1" 304 - "-" "Mozilla/5.0 (Windows NT 6.1; WOW64) AppleWebKit/537.36 (KHTML, like Gecko) Chrome/56.0.2890.0 Safari/537.36"
::1 - - [Mon, 07 Nov 2016 09:13:25 GMT] "GET /login HTTP/1.1" 304 - "http://localhost:5678/links" "Mozilla/5.0 (Windows NT 6.1; WOW64) AppleWebKit/537.36 (KHTML, like Gecko) Chrome/56.0.2890.0 Safari/537.36"
::1 - - [Mon, 07 Nov 2016 09:13:25 GMT] "GET /libs/maps/swiper.min.js.map HTTP/1.1" 304 - "-" "Mozilla/5.0 (Windows NT 6.1; WOW64) AppleWebKit/537.36 (KHTML, like Gecko) Chrome/56.0.2890.0 Safari/537.36"
::1 - - [Mon, 07 Nov 2016 09:13:26 GMT] "POST /login HTTP/1.1" 302 46 "http://localhost:5678/login" "Mozilla/5.0 (Windows NT 6.1; WOW64) AppleWebKit/537.36 (KHTML, like Gecko) Chrome/56.0.2890.0 Safari/537.36"
::1 - - [Mon, 07 Nov 2016 09:13:26 GMT] "GET / HTTP/1.1" 200 4550 "http://localhost:5678/login" "Mozilla/5.0 (Windows NT 6.1; WOW64) AppleWebKit/537.36 (KHTML, like Gecko) Chrome/56.0.2890.0 Safari/537.36"
::1 - - [Mon, 07 Nov 2016 09:13:26 GMT] "GET /libs/maps/swiper.min.js.map HTTP/1.1" 304 - "-" "Mozilla/5.0 (Windows NT 6.1; WOW64) AppleWebKit/537.36 (KHTML, like Gecko) Chrome/56.0.2890.0 Safari/537.36"
::1 - - [Tue, 08 Nov 2016 00:59:31 GMT] "GET / HTTP/1.1" 200 4409 "-" "Mozilla/5.0 (Windows NT 6.1; WOW64) AppleWebKit/537.36 (KHTML, like Gecko) Chrome/56.0.2890.0 Safari/537.36"
::1 - - [Tue, 08 Nov 2016 00:59:35 GMT] "GET /archive HTTP/1.1" 200 2451 "http://localhost:5678/" "Mozilla/5.0 (Windows NT 6.1; WOW64) AppleWebKit/537.36 (KHTML, like Gecko) Chrome/56.0.2890.0 Safari/537.36"
::1 - - [Tue, 08 Nov 2016 00:59:36 GMT] "GET /tags HTTP/1.1" 200 2144 "http://localhost:5678/archive" "Mozilla/5.0 (Windows NT 6.1; WOW64) AppleWebKit/537.36 (KHTML, like Gecko) Chrome/56.0.2890.0 Safari/537.36"
::1 - - [Tue, 08 Nov 2016 00:59:36 GMT] "GET / HTTP/1.1" 304 - "http://localhost:5678/tags" "Mozilla/5.0 (Windows NT 6.1; WOW64) AppleWebKit/537.36 (KHTML, like Gecko) Chrome/56.0.2890.0 Safari/537.36"
::1 - - [Tue, 08 Nov 2016 00:59:41 GMT] "GET / HTTP/1.1" 304 - "http://localhost:5678/tags" "Mozilla/5.0 (Windows NT 6.1; WOW64) AppleWebKit/537.36 (KHTML, like Gecko) Chrome/56.0.2890.0 Safari/537.36"
::1 - - [Tue, 08 Nov 2016 01:00:07 GMT] "GET / HTTP/1.1" 304 - "http://localhost:5678/tags" "Mozilla/5.0 (Windows NT 6.1; WOW64) AppleWebKit/537.36 (KHTML, like Gecko) Chrome/56.0.2890.0 Safari/537.36"
::1 - - [Tue, 08 Nov 2016 01:00:10 GMT] "GET /archive HTTP/1.1" 304 - "http://localhost:5678/" "Mozilla/5.0 (Windows NT 6.1; WOW64) AppleWebKit/537.36 (KHTML, like Gecko) Chrome/56.0.2890.0 Safari/537.36"
::1 - - [Tue, 08 Nov 2016 01:00:11 GMT] "GET /tags HTTP/1.1" 304 - "http://localhost:5678/archive" "Mozilla/5.0 (Windows NT 6.1; WOW64) AppleWebKit/537.36 (KHTML, like Gecko) Chrome/56.0.2890.0 Safari/537.36"
::1 - - [Tue, 08 Nov 2016 01:00:11 GMT] "GET /archive HTTP/1.1" 304 - "http://localhost:5678/tags" "Mozilla/5.0 (Windows NT 6.1; WOW64) AppleWebKit/537.36 (KHTML, like Gecko) Chrome/56.0.2890.0 Safari/537.36"
::1 - - [Tue, 08 Nov 2016 01:00:11 GMT] "GET / HTTP/1.1" 304 - "http://localhost:5678/archive" "Mozilla/5.0 (Windows NT 6.1; WOW64) AppleWebKit/537.36 (KHTML, like Gecko) Chrome/56.0.2890.0 Safari/537.36"
::1 - - [Tue, 08 Nov 2016 01:00:40 GMT] "GET /archive HTTP/1.1" 304 - "http://localhost:5678/" "Mozilla/5.0 (Windows NT 6.1; WOW64) AppleWebKit/537.36 (KHTML, like Gecko) Chrome/56.0.2890.0 Safari/537.36"
::1 - - [Tue, 08 Nov 2016 01:00:41 GMT] "GET /tags HTTP/1.1" 304 - "http://localhost:5678/archive" "Mozilla/5.0 (Windows NT 6.1; WOW64) AppleWebKit/537.36 (KHTML, like Gecko) Chrome/56.0.2890.0 Safari/537.36"
::1 - - [Tue, 08 Nov 2016 01:00:42 GMT] "GET /links HTTP/1.1" 304 - "http://localhost:5678/tags" "Mozilla/5.0 (Windows NT 6.1; WOW64) AppleWebKit/537.36 (KHTML, like Gecko) Chrome/56.0.2890.0 Safari/537.36"
::1 - - [Tue, 08 Nov 2016 01:00:42 GMT] "GET /login HTTP/1.1" 200 2444 "http://localhost:5678/links" "Mozilla/5.0 (Windows NT 6.1; WOW64) AppleWebKit/537.36 (KHTML, like Gecko) Chrome/56.0.2890.0 Safari/537.36"
::1 - - [Tue, 08 Nov 2016 01:00:43 GMT] "GET /links HTTP/1.1" 304 - "http://localhost:5678/login" "Mozilla/5.0 (Windows NT 6.1; WOW64) AppleWebKit/537.36 (KHTML, like Gecko) Chrome/56.0.2890.0 Safari/537.36"
::1 - - [Tue, 08 Nov 2016 01:00:44 GMT] "GET /login HTTP/1.1" 304 - "http://localhost:5678/links" "Mozilla/5.0 (Windows NT 6.1; WOW64) AppleWebKit/537.36 (KHTML, like Gecko) Chrome/56.0.2890.0 Safari/537.36"
::1 - - [Tue, 08 Nov 2016 01:00:45 GMT] "POST /login HTTP/1.1" 302 46 "http://localhost:5678/login" "Mozilla/5.0 (Windows NT 6.1; WOW64) AppleWebKit/537.36 (KHTML, like Gecko) Chrome/56.0.2890.0 Safari/537.36"
::1 - - [Tue, 08 Nov 2016 01:00:45 GMT] "GET / HTTP/1.1" 200 4550 "http://localhost:5678/login" "Mozilla/5.0 (Windows NT 6.1; WOW64) AppleWebKit/537.36 (KHTML, like Gecko) Chrome/56.0.2890.0 Safari/537.36"
::1 - - [Tue, 08 Nov 2016 01:00:46 GMT] "GET /vedio HTTP/1.1" 304 - "http://localhost:5678/" "Mozilla/5.0 (Windows NT 6.1; WOW64) AppleWebKit/537.36 (KHTML, like Gecko) Chrome/56.0.2890.0 Safari/537.36"
::1 - - [Tue, 08 Nov 2016 01:37:50 GMT] "GET /logout HTTP/1.1" 302 46 "http://localhost:5678/vedio" "Mozilla/5.0 (Windows NT 6.1; WOW64) AppleWebKit/537.36 (KHTML, like Gecko) Chrome/56.0.2890.0 Safari/537.36"
::1 - - [Tue, 08 Nov 2016 01:37:50 GMT] "GET / HTTP/1.1" 200 4445 "http://localhost:5678/vedio" "Mozilla/5.0 (Windows NT 6.1; WOW64) AppleWebKit/537.36 (KHTML, like Gecko) Chrome/56.0.2890.0 Safari/537.36"
::1 - - [Tue, 08 Nov 2016 01:37:54 GMT] "GET /login HTTP/1.1" 200 2444 "http://localhost:5678/" "Mozilla/5.0 (Windows NT 6.1; WOW64) AppleWebKit/537.36 (KHTML, like Gecko) Chrome/56.0.2890.0 Safari/537.36"
::1 - - [Tue, 08 Nov 2016 01:37:56 GMT] "GET /links HTTP/1.1" 304 - "http://localhost:5678/login" "Mozilla/5.0 (Windows NT 6.1; WOW64) AppleWebKit/537.36 (KHTML, like Gecko) Chrome/56.0.2890.0 Safari/537.36"
::1 - - [Tue, 08 Nov 2016 01:37:57 GMT] "GET /tags HTTP/1.1" 304 - "http://localhost:5678/links" "Mozilla/5.0 (Windows NT 6.1; WOW64) AppleWebKit/537.36 (KHTML, like Gecko) Chrome/56.0.2890.0 Safari/537.36"
::1 - - [Tue, 08 Nov 2016 01:37:57 GMT] "GET /archive HTTP/1.1" 304 - "http://localhost:5678/tags" "Mozilla/5.0 (Windows NT 6.1; WOW64) AppleWebKit/537.36 (KHTML, like Gecko) Chrome/56.0.2890.0 Safari/537.36"
::1 - - [Tue, 08 Nov 2016 01:37:58 GMT] "GET / HTTP/1.1" 200 4409 "http://localhost:5678/archive" "Mozilla/5.0 (Windows NT 6.1; WOW64) AppleWebKit/537.36 (KHTML, like Gecko) Chrome/56.0.2890.0 Safari/537.36"
::1 - - [Tue, 08 Nov 2016 01:38:29 GMT] "GET / HTTP/1.1" 200 4400 "http://localhost:5678/archive" "Mozilla/5.0 (Windows NT 6.1; WOW64) AppleWebKit/537.36 (KHTML, like Gecko) Chrome/56.0.2890.0 Safari/537.36"
::1 - - [Tue, 08 Nov 2016 01:38:43 GMT] "GET /archive HTTP/1.1" 200 2442 "http://localhost:5678/" "Mozilla/5.0 (Windows NT 6.1; WOW64) AppleWebKit/537.36 (KHTML, like Gecko) Chrome/56.0.2890.0 Safari/537.36"
::1 - - [Tue, 08 Nov 2016 01:38:44 GMT] "GET /tags HTTP/1.1" 200 2135 "http://localhost:5678/archive" "Mozilla/5.0 (Windows NT 6.1; WOW64) AppleWebKit/537.36 (KHTML, like Gecko) Chrome/56.0.2890.0 Safari/537.36"
::1 - - [Tue, 08 Nov 2016 01:38:46 GMT] "GET /links HTTP/1.1" 200 2287 "http://localhost:5678/tags" "Mozilla/5.0 (Windows NT 6.1; WOW64) AppleWebKit/537.36 (KHTML, like Gecko) Chrome/56.0.2890.0 Safari/537.36"
::1 - - [Tue, 08 Nov 2016 01:38:47 GMT] "GET / HTTP/1.1" 304 - "http://localhost:5678/links" "Mozilla/5.0 (Windows NT 6.1; WOW64) AppleWebKit/537.36 (KHTML, like Gecko) Chrome/56.0.2890.0 Safari/537.36"
::1 - - [Tue, 08 Nov 2016 01:38:50 GMT] "GET /libs/maps/swiper.min.js.map HTTP/1.1" 304 - "-" "Mozilla/5.0 (Windows NT 6.1; WOW64) AppleWebKit/537.36 (KHTML, like Gecko) Chrome/56.0.2890.0 Safari/537.36"
::1 - - [Tue, 08 Nov 2016 01:40:00 GMT] "GET / HTTP/1.1" 304 - "http://localhost:5678/links" "Mozilla/5.0 (Windows NT 6.1; WOW64) AppleWebKit/537.36 (KHTML, like Gecko) Chrome/56.0.2890.0 Safari/537.36"
::1 - - [Tue, 08 Nov 2016 01:40:00 GMT] "GET /libs/maps/swiper.min.js.map HTTP/1.1" 304 - "-" "Mozilla/5.0 (Windows NT 6.1; WOW64) AppleWebKit/537.36 (KHTML, like Gecko) Chrome/56.0.2890.0 Safari/537.36"
::1 - - [Tue, 08 Nov 2016 01:40:05 GMT] "GET /archive HTTP/1.1" 304 - "http://localhost:5678/" "Mozilla/5.0 (Windows NT 6.1; WOW64) AppleWebKit/537.36 (KHTML, like Gecko) Chrome/56.0.2890.0 Safari/537.36"
::1 - - [Tue, 08 Nov 2016 01:40:05 GMT] "GET /libs/maps/swiper.min.js.map HTTP/1.1" 304 - "-" "Mozilla/5.0 (Windows NT 6.1; WOW64) AppleWebKit/537.36 (KHTML, like Gecko) Chrome/56.0.2890.0 Safari/537.36"
::1 - - [Tue, 08 Nov 2016 01:40:06 GMT] "GET /tags HTTP/1.1" 304 - "http://localhost:5678/archive" "Mozilla/5.0 (Windows NT 6.1; WOW64) AppleWebKit/537.36 (KHTML, like Gecko) Chrome/56.0.2890.0 Safari/537.36"
::1 - - [Tue, 08 Nov 2016 01:40:06 GMT] "GET /libs/maps/swiper.min.js.map HTTP/1.1" 304 - "-" "Mozilla/5.0 (Windows NT 6.1; WOW64) AppleWebKit/537.36 (KHTML, like Gecko) Chrome/56.0.2890.0 Safari/537.36"
::1 - - [Tue, 08 Nov 2016 01:40:10 GMT] "GET /links HTTP/1.1" 304 - "http://localhost:5678/tags" "Mozilla/5.0 (Windows NT 6.1; WOW64) AppleWebKit/537.36 (KHTML, like Gecko) Chrome/56.0.2890.0 Safari/537.36"
::1 - - [Tue, 08 Nov 2016 01:40:10 GMT] "GET /libs/maps/swiper.min.js.map HTTP/1.1" 304 - "-" "Mozilla/5.0 (Windows NT 6.1; WOW64) AppleWebKit/537.36 (KHTML, like Gecko) Chrome/56.0.2890.0 Safari/537.36"
::1 - - [Tue, 08 Nov 2016 01:40:11 GMT] "GET /login HTTP/1.1" 200 2435 "http://localhost:5678/links" "Mozilla/5.0 (Windows NT 6.1; WOW64) AppleWebKit/537.36 (KHTML, like Gecko) Chrome/56.0.2890.0 Safari/537.36"
::1 - - [Tue, 08 Nov 2016 01:40:11 GMT] "GET /libs/maps/swiper.min.js.map HTTP/1.1" 304 - "-" "Mozilla/5.0 (Windows NT 6.1; WOW64) AppleWebKit/537.36 (KHTML, like Gecko) Chrome/56.0.2890.0 Safari/537.36"
::1 - - [Tue, 08 Nov 2016 01:40:20 GMT] "GET / HTTP/1.1" 304 - "http://localhost:5678/login" "Mozilla/5.0 (Windows NT 6.1; WOW64) AppleWebKit/537.36 (KHTML, like Gecko) Chrome/56.0.2890.0 Safari/537.36"
::1 - - [Tue, 08 Nov 2016 01:40:20 GMT] "GET /libs/maps/swiper.min.js.map HTTP/1.1" 304 - "-" "Mozilla/5.0 (Windows NT 6.1; WOW64) AppleWebKit/537.36 (KHTML, like Gecko) Chrome/56.0.2890.0 Safari/537.36"
::1 - - [Tue, 08 Nov 2016 01:40:24 GMT] "GET /archive HTTP/1.1" 304 - "http://localhost:5678/" "Mozilla/5.0 (Windows NT 6.1; WOW64) AppleWebKit/537.36 (KHTML, like Gecko) Chrome/56.0.2890.0 Safari/537.36"
::1 - - [Tue, 08 Nov 2016 01:40:24 GMT] "GET /libs/maps/swiper.min.js.map HTTP/1.1" 304 - "-" "Mozilla/5.0 (Windows NT 6.1; WOW64) AppleWebKit/537.36 (KHTML, like Gecko) Chrome/56.0.2890.0 Safari/537.36"
::1 - - [Tue, 08 Nov 2016 01:40:25 GMT] "GET /tags HTTP/1.1" 304 - "http://localhost:5678/archive" "Mozilla/5.0 (Windows NT 6.1; WOW64) AppleWebKit/537.36 (KHTML, like Gecko) Chrome/56.0.2890.0 Safari/537.36"
::1 - - [Tue, 08 Nov 2016 01:40:26 GMT] "GET /libs/maps/swiper.min.js.map HTTP/1.1" 304 - "-" "Mozilla/5.0 (Windows NT 6.1; WOW64) AppleWebKit/537.36 (KHTML, like Gecko) Chrome/56.0.2890.0 Safari/537.36"
::1 - - [Tue, 08 Nov 2016 01:40:33 GMT] "GET / HTTP/1.1" 304 - "http://localhost:5678/tags" "Mozilla/5.0 (Windows NT 6.1; WOW64) AppleWebKit/537.36 (KHTML, like Gecko) Chrome/56.0.2890.0 Safari/537.36"
::1 - - [Tue, 08 Nov 2016 01:40:33 GMT] "GET /libs/maps/swiper.min.js.map HTTP/1.1" 304 - "-" "Mozilla/5.0 (Windows NT 6.1; WOW64) AppleWebKit/537.36 (KHTML, like Gecko) Chrome/56.0.2890.0 Safari/537.36"
::1 - - [Tue, 08 Nov 2016 01:41:07 GMT] "GET /archive HTTP/1.1" 304 - "http://localhost:5678/" "Mozilla/5.0 (Windows NT 6.1; WOW64) AppleWebKit/537.36 (KHTML, like Gecko) Chrome/56.0.2890.0 Safari/537.36"
::1 - - [Tue, 08 Nov 2016 01:41:07 GMT] "GET /libs/maps/swiper.min.js.map HTTP/1.1" 304 - "-" "Mozilla/5.0 (Windows NT 6.1; WOW64) AppleWebKit/537.36 (KHTML, like Gecko) Chrome/56.0.2890.0 Safari/537.36"
::1 - - [Tue, 08 Nov 2016 01:41:08 GMT] "GET /tags HTTP/1.1" 304 - "http://localhost:5678/archive" "Mozilla/5.0 (Windows NT 6.1; WOW64) AppleWebKit/537.36 (KHTML, like Gecko) Chrome/56.0.2890.0 Safari/537.36"
::1 - - [Tue, 08 Nov 2016 01:41:08 GMT] "GET /libs/maps/swiper.min.js.map HTTP/1.1" 304 - "-" "Mozilla/5.0 (Windows NT 6.1; WOW64) AppleWebKit/537.36 (KHTML, like Gecko) Chrome/56.0.2890.0 Safari/537.36"
::1 - - [Tue, 08 Nov 2016 01:41:19 GMT] "GET /tags HTTP/1.1" 304 - "http://localhost:5678/archive" "Mozilla/5.0 (Windows NT 6.1; WOW64) AppleWebKit/537.36 (KHTML, like Gecko) Chrome/56.0.2890.0 Safari/537.36"
::1 - - [Tue, 08 Nov 2016 01:41:19 GMT] "GET /libs/maps/swiper.min.js.map HTTP/1.1" 304 - "-" "Mozilla/5.0 (Windows NT 6.1; WOW64) AppleWebKit/537.36 (KHTML, like Gecko) Chrome/56.0.2890.0 Safari/537.36"
::1 - - [Tue, 08 Nov 2016 01:41:21 GMT] "GET / HTTP/1.1" 304 - "http://localhost:5678/tags" "Mozilla/5.0 (Windows NT 6.1; WOW64) AppleWebKit/537.36 (KHTML, like Gecko) Chrome/56.0.2890.0 Safari/537.36"
::1 - - [Tue, 08 Nov 2016 01:41:21 GMT] "GET /libs/maps/swiper.min.js.map HTTP/1.1" 304 - "-" "Mozilla/5.0 (Windows NT 6.1; WOW64) AppleWebKit/537.36 (KHTML, like Gecko) Chrome/56.0.2890.0 Safari/537.36"
::1 - - [Tue, 08 Nov 2016 01:41:22 GMT] "GET /archive HTTP/1.1" 304 - "http://localhost:5678/" "Mozilla/5.0 (Windows NT 6.1; WOW64) AppleWebKit/537.36 (KHTML, like Gecko) Chrome/56.0.2890.0 Safari/537.36"
::1 - - [Tue, 08 Nov 2016 01:41:22 GMT] "GET /libs/maps/swiper.min.js.map HTTP/1.1" 304 - "-" "Mozilla/5.0 (Windows NT 6.1; WOW64) AppleWebKit/537.36 (KHTML, like Gecko) Chrome/56.0.2890.0 Safari/537.36"
::1 - - [Tue, 08 Nov 2016 01:41:23 GMT] "GET /tags HTTP/1.1" 304 - "http://localhost:5678/archive" "Mozilla/5.0 (Windows NT 6.1; WOW64) AppleWebKit/537.36 (KHTML, like Gecko) Chrome/56.0.2890.0 Safari/537.36"
::1 - - [Tue, 08 Nov 2016 01:41:23 GMT] "GET /libs/maps/swiper.min.js.map HTTP/1.1" 304 - "-" "Mozilla/5.0 (Windows NT 6.1; WOW64) AppleWebKit/537.36 (KHTML, like Gecko) Chrome/56.0.2890.0 Safari/537.36"
::1 - - [Tue, 08 Nov 2016 01:41:25 GMT] "GET /links HTTP/1.1" 304 - "http://localhost:5678/tags" "Mozilla/5.0 (Windows NT 6.1; WOW64) AppleWebKit/537.36 (KHTML, like Gecko) Chrome/56.0.2890.0 Safari/537.36"
::1 - - [Tue, 08 Nov 2016 01:41:25 GMT] "GET /libs/maps/swiper.min.js.map HTTP/1.1" 304 - "-" "Mozilla/5.0 (Windows NT 6.1; WOW64) AppleWebKit/537.36 (KHTML, like Gecko) Chrome/56.0.2890.0 Safari/537.36"
::1 - - [Tue, 08 Nov 2016 01:41:26 GMT] "GET /login HTTP/1.1" 304 - "http://localhost:5678/links" "Mozilla/5.0 (Windows NT 6.1; WOW64) AppleWebKit/537.36 (KHTML, like Gecko) Chrome/56.0.2890.0 Safari/537.36"
::1 - - [Tue, 08 Nov 2016 01:41:26 GMT] "GET /libs/maps/swiper.min.js.map HTTP/1.1" 304 - "-" "Mozilla/5.0 (Windows NT 6.1; WOW64) AppleWebKit/537.36 (KHTML, like Gecko) Chrome/56.0.2890.0 Safari/537.36"
::1 - - [Tue, 08 Nov 2016 01:41:26 GMT] "GET /reg HTTP/1.1" 200 2700 "http://localhost:5678/login" "Mozilla/5.0 (Windows NT 6.1; WOW64) AppleWebKit/537.36 (KHTML, like Gecko) Chrome/56.0.2890.0 Safari/537.36"
::1 - - [Tue, 08 Nov 2016 01:41:26 GMT] "GET /libs/maps/swiper.min.js.map HTTP/1.1" 304 - "-" "Mozilla/5.0 (Windows NT 6.1; WOW64) AppleWebKit/537.36 (KHTML, like Gecko) Chrome/56.0.2890.0 Safari/537.36"
::1 - - [Tue, 08 Nov 2016 01:42:54 GMT] "GET /reg HTTP/1.1" 304 - "http://localhost:5678/login" "Mozilla/5.0 (Windows NT 6.1; WOW64) AppleWebKit/537.36 (KHTML, like Gecko) Chrome/56.0.2890.0 Safari/537.36"
::1 - - [Tue, 08 Nov 2016 01:42:54 GMT] "GET /libs/maps/swiper.min.js.map HTTP/1.1" 304 - "-" "Mozilla/5.0 (Windows NT 6.1; WOW64) AppleWebKit/537.36 (KHTML, like Gecko) Chrome/56.0.2890.0 Safari/537.36"
::1 - - [Tue, 08 Nov 2016 01:43:29 GMT] "GET / HTTP/1.1" 304 - "http://localhost:5678/reg" "Mozilla/5.0 (Windows NT 6.1; WOW64) AppleWebKit/537.36 (KHTML, like Gecko) Chrome/56.0.2890.0 Safari/537.36"
::1 - - [Tue, 08 Nov 2016 01:43:29 GMT] "GET /libs/maps/swiper.min.js.map HTTP/1.1" 304 - "-" "Mozilla/5.0 (Windows NT 6.1; WOW64) AppleWebKit/537.36 (KHTML, like Gecko) Chrome/56.0.2890.0 Safari/537.36"
::1 - - [Tue, 08 Nov 2016 01:43:30 GMT] "GET /archive HTTP/1.1" 304 - "http://localhost:5678/" "Mozilla/5.0 (Windows NT 6.1; WOW64) AppleWebKit/537.36 (KHTML, like Gecko) Chrome/56.0.2890.0 Safari/537.36"
::1 - - [Tue, 08 Nov 2016 01:43:30 GMT] "GET /libs/maps/swiper.min.js.map HTTP/1.1" 304 - "-" "Mozilla/5.0 (Windows NT 6.1; WOW64) AppleWebKit/537.36 (KHTML, like Gecko) Chrome/56.0.2890.0 Safari/537.36"
::1 - - [Tue, 08 Nov 2016 01:43:31 GMT] "GET /tags HTTP/1.1" 304 - "http://localhost:5678/archive" "Mozilla/5.0 (Windows NT 6.1; WOW64) AppleWebKit/537.36 (KHTML, like Gecko) Chrome/56.0.2890.0 Safari/537.36"
::1 - - [Tue, 08 Nov 2016 01:43:31 GMT] "GET /libs/maps/swiper.min.js.map HTTP/1.1" 304 - "-" "Mozilla/5.0 (Windows NT 6.1; WOW64) AppleWebKit/537.36 (KHTML, like Gecko) Chrome/56.0.2890.0 Safari/537.36"
::1 - - [Tue, 08 Nov 2016 01:43:54 GMT] "GET / HTTP/1.1" 304 - "http://localhost:5678/tags" "Mozilla/5.0 (Windows NT 6.1; WOW64) AppleWebKit/537.36 (KHTML, like Gecko) Chrome/56.0.2890.0 Safari/537.36"
::1 - - [Tue, 08 Nov 2016 01:43:54 GMT] "GET /libs/maps/swiper.min.js.map HTTP/1.1" 304 - "-" "Mozilla/5.0 (Windows NT 6.1; WOW64) AppleWebKit/537.36 (KHTML, like Gecko) Chrome/56.0.2890.0 Safari/537.36"
::1 - - [Tue, 08 Nov 2016 01:43:55 GMT] "GET /archive HTTP/1.1" 304 - "http://localhost:5678/" "Mozilla/5.0 (Windows NT 6.1; WOW64) AppleWebKit/537.36 (KHTML, like Gecko) Chrome/56.0.2890.0 Safari/537.36"
::1 - - [Tue, 08 Nov 2016 01:43:55 GMT] "GET /libs/maps/swiper.min.js.map HTTP/1.1" 304 - "-" "Mozilla/5.0 (Windows NT 6.1; WOW64) AppleWebKit/537.36 (KHTML, like Gecko) Chrome/56.0.2890.0 Safari/537.36"
::1 - - [Tue, 08 Nov 2016 04:29:16 GMT] "GET /archive HTTP/1.1" 304 - "http://localhost:5678/" "Mozilla/5.0 (Windows NT 6.1; WOW64) AppleWebKit/537.36 (KHTML, like Gecko) Chrome/56.0.2890.0 Safari/537.36"
::1 - - [Tue, 08 Nov 2016 04:42:05 GMT] "GET / HTTP/1.1" 304 - "-" "Mozilla/5.0 (Windows NT 6.1; WOW64) AppleWebKit/537.36 (KHTML, like Gecko) Chrome/56.0.2890.0 Safari/537.36"
